Simulator Parameters:
Command line = -b 200 -fs 5 -monitor GradingMonitor -pf basic.pass
RandomSeed = 1417820217142
CanNetworkBitTime = 5000 ns
Effective Can Bitrate = 199999.99999999997
Run Time = null
Real time rate = null
Acceptance Test File = basic.pass
Monitors: GradingMonitor  


[Elevator] @0.000000000: Starting Simulation
[Elevator] @60.000000000: Progress indicator
[Elevator] @120.000000000: Progress indicator
[Elevator] @180.000000000: Progress indicator
[Elevator] @240.000000000: Progress indicator
[Elevator] @300.000000000: Progress indicator
[Elevator] @360.000000000: Progress indicator
[Elevator] @420.000000000: Progress indicator
[Elevator] @480.000000000: Progress indicator
[Elevator] @540.000000000: Progress indicator
[Elevator] @600.000000000: Progress indicator
[Elevator] @660.000000000: Progress indicator
[Elevator] @720.000000000: Progress indicator
[Elevator] @780.000000000: Progress indicator
[Elevator] @840.000000000: Progress indicator
[Elevator] @900.000000000: Progress indicator
[Elevator] @960.000000000: Progress indicator
[Elevator] @1020.000000000: Progress indicator
[Elevator] @1080.000000000: Progress indicator
[Elevator] @1140.000000000: Progress indicator
[Elevator] @1183.769000000: Simulation Finished

Network Utilization Summary:
Recent: 56.15 % Max: 56.15 %  Overall:  56.15 %

Monitors Warning Results: 
RuntimeMonitor generated 0 warnings.

Monitors Summmary Results: 
0 RT-6 violations
1 RT-7 violations
0 RT-8.1 violations
0 RT-8.2 violations
0 RT-8.3 violations
0 RT-9 violations

STATISTICS FOR ELEVATOR SIMULATION PASSENGER DELIVERY
-----------------------------------------------------


Passenger Delivery Summary
Delivered: 100
Stranded: 0
Total: 100

Deliver Stats (lower is better):
Average_delivery_time: 179.604
Maximum_delivery_time:  548.547
Delivery_performance_score:  1266.964

Satisfaction Stats (higher is better):
Average_satisfaction_score: 99.800
Min_satisfaction_score:  90.000
Satisfaction_performance_score:  489.200



1183.769s simulation seconds
 22.222 real seconds
 effective rate 53.27
